The target system is: Android - 1 - i686
The host system is: Darwin - 19.6.0 - x86_64
Detecting C compiler ABI info compiled with the following output:
Change Dir: /Users/bytedance/code/android/ndk-samples/native-activity/app/.cxx/cmake/debug/x86/CMakeFiles/CMakeTmp

Run Build Command(s):/Users/bytedance/Library/Android/sdk/cmake/3.18.1/bin/ninja cmTC_804d8 && [1/2] Building C object CMakeFiles/cmTC_804d8.dir/CMakeCCompilerABI.c.o
Android (7155654, based on r399163b1) clang version 11.0.5 (https://android.googlesource.com/toolchain/llvm-project 87f1315dfbea7c137aa2e6d362dbb457e388158d)
Target: i686-none-linux-android16
Thread model: posix
InstalledDir: /Users/bytedance/Library/Android/sdk/ndk/22.1.7171670/toolchains/llvm/prebuilt/darwin-x86_64/bin
Found candidate GCC installation: /Users/bytedance/Library/Android/sdk/ndk/22.1.7171670/toolchains/llvm/prebuilt/darwin-x86_64/lib/gcc/i686-linux-android/4.9.x
Found candidate GCC installation: /Users/bytedance/Library/Android/sdk/ndk/22.1.7171670/toolchains/llvm/prebuilt/darwin-x86_64/lib/gcc/x86_64-linux-android/4.9.x
Selected GCC installation: /Users/bytedance/Library/Android/sdk/ndk/22.1.7171670/toolchains/llvm/prebuilt/darwin-x86_64/lib/gcc/i686-linux-android/4.9.x
Candidate multilib: .;@m32
Selected multilib: .;@m32
 (in-process)
 "/Users/bytedance/Library/Android/sdk/ndk/22.1.7171670/toolchains/llvm/prebuilt/darwin-x86_64/bin/clang" -cc1 -triple i686-none-linux-android16 -emit-obj -mrelax-all -mnoexecstack -disable-free -disable-llvm-verifier -discard-value-names -main-file-name CMakeCCompilerABI.c -mrelocation-model pic -pic-level 2 -pic-is-pie -mframe-pointer=all -fno-rounding-math -mconstructor-aliases -munwind-tables -target-cpu i686 -target-feature +ssse3 -fno-split-dwarf-inlining -debug-info-kind=limited -dwarf-version=4 -debugger-tuning=gdb -target-linker-version 305 -v -ffunction-sections -fdata-sections -resource-dir /Users/bytedance/Library/Android/sdk/ndk/22.1.7171670/toolchains/llvm/prebuilt/darwin-x86_64/lib64/clang/11.0.5 -dependency-file CMakeFiles/cmTC_804d8.dir/CMakeCCompilerABI.c.o.d -MT CMakeFiles/cmTC_804d8.dir/CMakeCCompilerABI.c.o -sys-header-deps -D ANDROID -D _FORTIFY_SOURCE=2 -isysroot /Users/bytedance/Library/Android/sdk/ndk/22.1.7171670/toolchains/llvm/prebuilt/darwin-x86_64/sysroot -internal-isystem /Users/bytedance/Library/Android/sdk/ndk/22.1.7171670/toolchains/llvm/prebuilt/darwin-x86_64/sysroot/usr/local/include -internal-isystem /Users/bytedance/Library/Android/sdk/ndk/22.1.7171670/toolchains/llvm/prebuilt/darwin-x86_64/lib64/clang/11.0.5/include -internal-externc-isystem /Users/bytedance/Library/Android/sdk/ndk/22.1.7171670/toolchains/llvm/prebuilt/darwin-x86_64/sysroot/usr/include/i686-linux-android -internal-externc-isystem /Users/bytedance/Library/Android/sdk/ndk/22.1.7171670/toolchains/llvm/prebuilt/darwin-x86_64/sysroot/include -internal-externc-isystem /Users/bytedance/Library/Android/sdk/ndk/22.1.7171670/toolchains/llvm/prebuilt/darwin-x86_64/sysroot/usr/include -Wformat -fdebug-compilation-dir /Users/bytedance/code/android/ndk-samples/native-activity/app/.cxx/cmake/debug/x86/CMakeFiles/CMakeTmp -ferror-limit 19 -stack-protector 2 -mstackrealign -fgnuc-version=4.2.1 -o CMakeFiles/cmTC_804d8.dir/CMakeCCompilerABI.c.o -x c /Users/bytedance/Library/Android/sdk/cmake/3.18.1/share/cmake-3.18/Modules/CMakeCCompilerABI.c
clang -cc1 version 11.0.5 based upon LLVM 11.0.5git default target x86_64-apple-darwin19.6.0
ignoring nonexistent directory "/Users/bytedance/Library/Android/sdk/ndk/22.1.7171670/toolchains/llvm/prebuilt/darwin-x86_64/sysroot/include"
#include "..." search starts here:
#include <...> search starts here:
 /Users/bytedance/Library/Android/sdk/ndk/22.1.7171670/toolchains/llvm/prebuilt/darwin-x86_64/sysroot/usr/local/include
 /Users/bytedance/Library/Android/sdk/ndk/22.1.7171670/toolchains/llvm/prebuilt/darwin-x86_64/lib64/clang/11.0.5/include
 /Users/bytedance/Library/Android/sdk/ndk/22.1.7171670/toolchains/llvm/prebuilt/darwin-x86_64/sysroot/usr/include/i686-linux-android
 /Users/bytedance/Library/Android/sdk/ndk/22.1.7171670/toolchains/llvm/prebuilt/darwin-x86_64/sysroot/usr/include
End of search list.
[2/2] Linking C executable cmTC_804d8
Android (7155654, based on r399163b1) clang version 11.0.5 (https://android.googlesource.com/toolchain/llvm-project 87f1315dfbea7c137aa2e6d362dbb457e388158d)
Target: i686-none-linux-android16
Thread model: posix
InstalledDir: /Users/bytedance/Library/Android/sdk/ndk/22.1.7171670/toolchains/llvm/prebuilt/darwin-x86_64/bin
Found candidate GCC installation: /Users/bytedance/Library/Android/sdk/ndk/22.1.7171670/toolchains/llvm/prebuilt/darwin-x86_64/lib/gcc/i686-linux-android/4.9.x
Found candidate GCC installation: /Users/bytedance/Library/Android/sdk/ndk/22.1.7171670/toolchains/llvm/prebuilt/darwin-x86_64/lib/gcc/x86_64-linux-android/4.9.x
Selected GCC installation: /Users/bytedance/Library/Android/sdk/ndk/22.1.7171670/toolchains/llvm/prebuilt/darwin-x86_64/lib/gcc/i686-linux-android/4.9.x
Candidate multilib: .;@m32
Selected multilib: .;@m32
 "/Users/bytedance/Library/Android/sdk/ndk/22.1.7171670/toolchains/llvm/prebuilt/darwin-x86_64/bin/ld" --sysroot=/Users/bytedance/Library/Android/sdk/ndk/22.1.7171670/toolchains/llvm/prebuilt/darwin-x86_64/sysroot -pie -z noexecstack --warn-shared-textrel -z now -z relro --hash-style=both --enable-new-dtags --eh-frame-hdr -m elf_i386 -dynamic-linker /system/bin/linker -o cmTC_804d8 /Users/bytedance/Library/Android/sdk/ndk/22.1.7171670/toolchains/llvm/prebuilt/darwin-x86_64/sysroot/usr/lib/i686-linux-android/16/crtbegin_dynamic.o -L/Users/bytedance/Library/Android/sdk/ndk/22.1.7171670/toolchains/llvm/prebuilt/darwin-x86_64/lib64/clang/11.0.5/lib/linux/i386 -L/Users/bytedance/Library/Android/sdk/ndk/22.1.7171670/toolchains/llvm/prebuilt/darwin-x86_64/lib/gcc/i686-linux-android/4.9.x -L/Users/bytedance/Library/Android/sdk/ndk/22.1.7171670/toolchains/llvm/prebuilt/darwin-x86_64/sysroot/usr/lib/i686-linux-android/16 -L/Users/bytedance/Library/Android/sdk/ndk/22.1.7171670/toolchains/llvm/prebuilt/darwin-x86_64/sysroot/usr/lib/i686-linux-android -L/Users/bytedance/Library/Android/sdk/ndk/22.1.7171670/toolchains/llvm/prebuilt/darwin-x86_64/lib/gcc/i686-linux-android/4.9.x/../../../../i686-linux-android/lib -L/Users/bytedance/Library/Android/sdk/ndk/22.1.7171670/toolchains/llvm/prebuilt/darwin-x86_64/sysroot/usr/lib --exclude-libs libgcc.a --exclude-libs libgcc_real.a --exclude-libs libatomic.a --build-id=sha1 --no-rosegment --fatal-warnings --no-undefined --gc-sections CMakeFiles/cmTC_804d8.dir/CMakeCCompilerABI.c.o -lgcc -ldl -lc -lgcc -ldl /Users/bytedance/Library/Android/sdk/ndk/22.1.7171670/toolchains/llvm/prebuilt/darwin-x86_64/sysroot/usr/lib/i686-linux-android/16/crtend_android.o



Parsed C implicit include dir info from above output: rv=done
  found start of include info
  found start of implicit include info
    add: [/Users/bytedance/Library/Android/sdk/ndk/22.1.7171670/toolchains/llvm/prebuilt/darwin-x86_64/sysroot/usr/local/include]
    add: [/Users/bytedance/Library/Android/sdk/ndk/22.1.7171670/toolchains/llvm/prebuilt/darwin-x86_64/lib64/clang/11.0.5/include]
    add: [/Users/bytedance/Library/Android/sdk/ndk/22.1.7171670/toolchains/llvm/prebuilt/darwin-x86_64/sysroot/usr/include/i686-linux-android]
    add: [/Users/bytedance/Library/Android/sdk/ndk/22.1.7171670/toolchains/llvm/prebuilt/darwin-x86_64/sysroot/usr/include]
  end of search list found
  collapse include dir [/Users/bytedance/Library/Android/sdk/ndk/22.1.7171670/toolchains/llvm/prebuilt/darwin-x86_64/sysroot/usr/local/include] ==> [/Users/bytedance/Library/Android/sdk/ndk/22.1.7171670/toolchains/llvm/prebuilt/darwin-x86_64/sysroot/usr/local/include]
  collapse include dir [/Users/bytedance/Library/Android/sdk/ndk/22.1.7171670/toolchains/llvm/prebuilt/darwin-x86_64/lib64/clang/11.0.5/include] ==> [/Users/bytedance/Library/Android/sdk/ndk/22.1.7171670/toolchains/llvm/prebuilt/darwin-x86_64/lib64/clang/11.0.5/include]
  collapse include dir [/Users/bytedance/Library/Android/sdk/ndk/22.1.7171670/toolchains/llvm/prebuilt/darwin-x86_64/sysroot/usr/include/i686-linux-android] ==> [/Users/bytedance/Library/Android/sdk/ndk/22.1.7171670/toolchains/llvm/prebuilt/darwin-x86_64/sysroot/usr/include/i686-linux-android]
  collapse include dir [/Users/bytedance/Library/Android/sdk/ndk/22.1.7171670/toolchains/llvm/prebuilt/darwin-x86_64/sysroot/usr/include] ==> [/Users/bytedance/Library/Android/sdk/ndk/22.1.7171670/toolchains/llvm/prebuilt/darwin-x86_64/sysroot/usr/include]
  implicit include dirs: [/Users/bytedance/Library/Android/sdk/ndk/22.1.7171670/toolchains/llvm/prebuilt/darwin-x86_64/sysroot/usr/local/include;/Users/bytedance/Library/Android/sdk/ndk/22.1.7171670/toolchains/llvm/prebuilt/darwin-x86_64/lib64/clang/11.0.5/include;/Users/bytedance/Library/Android/sdk/ndk/22.1.7171670/toolchains/llvm/prebuilt/darwin-x86_64/sysroot/usr/include/i686-linux-android;/Users/bytedance/Library/Android/sdk/ndk/22.1.7171670/toolchains/llvm/prebuilt/darwin-x86_64/sysroot/usr/include]


Parsed C implicit link information from above output:
  link line regex: [^( *|.*[/\])(ld\.lld|CMAKE_LINK_STARTFILE-NOTFOUND|([^/\]+-)?ld|collect2)[^/\]*( |$)]
  ignore line: [Change Dir: /Users/bytedance/code/android/ndk-samples/native-activity/app/.cxx/cmake/debug/x86/CMakeFiles/CMakeTmp]
  ignore line: []
  ignore line: [Run Build Command(s):/Users/bytedance/Library/Android/sdk/cmake/3.18.1/bin/ninja cmTC_804d8 && [1/2] Building C object CMakeFiles/cmTC_804d8.dir/CMakeCCompilerABI.c.o]
  ignore line: [Android (7155654  based on r399163b1) clang version 11.0.5 (https://android.googlesource.com/toolchain/llvm-project 87f1315dfbea7c137aa2e6d362dbb457e388158d)]
  ignore line: [Target: i686-none-linux-android16]
  ignore line: [Thread model: posix]
  ignore line: [InstalledDir: /Users/bytedance/Library/Android/sdk/ndk/22.1.7171670/toolchains/llvm/prebuilt/darwin-x86_64/bin]
  ignore line: [Found candidate GCC installation: /Users/bytedance/Library/Android/sdk/ndk/22.1.7171670/toolchains/llvm/prebuilt/darwin-x86_64/lib/gcc/i686-linux-android/4.9.x]
  ignore line: [Found candidate GCC installation: /Users/bytedance/Library/Android/sdk/ndk/22.1.7171670/toolchains/llvm/prebuilt/darwin-x86_64/lib/gcc/x86_64-linux-android/4.9.x]
  ignore line: [Selected GCC installation: /Users/bytedance/Library/Android/sdk/ndk/22.1.7171670/toolchains/llvm/prebuilt/darwin-x86_64/lib/gcc/i686-linux-android/4.9.x]
  ignore line: [Candidate multilib: .]
  ignore line: [@m32]
  ignore line: [Selected multilib: .]
  ignore line: [@m32]
  ignore line: [ (in-process)]
  ignore line: [ "/Users/bytedance/Library/Android/sdk/ndk/22.1.7171670/toolchains/llvm/prebuilt/darwin-x86_64/bin/clang" -cc1 -triple i686-none-linux-android16 -emit-obj -mrelax-all -mnoexecstack -disable-free -disable-llvm-verifier -discard-value-names -main-file-name CMakeCCompilerABI.c -mrelocation-model pic -pic-level 2 -pic-is-pie -mframe-pointer=all -fno-rounding-math -mconstructor-aliases -munwind-tables -target-cpu i686 -target-feature +ssse3 -fno-split-dwarf-inlining -debug-info-kind=limited -dwarf-version=4 -debugger-tuning=gdb -target-linker-version 305 -v -ffunction-sections -fdata-sections -resource-dir /Users/bytedance/Library/Android/sdk/ndk/22.1.7171670/toolchains/llvm/prebuilt/darwin-x86_64/lib64/clang/11.0.5 -dependency-file CMakeFiles/cmTC_804d8.dir/CMakeCCompilerABI.c.o.d -MT CMakeFiles/cmTC_804d8.dir/CMakeCCompilerABI.c.o -sys-header-deps -D ANDROID -D _FORTIFY_SOURCE=2 -isysroot /Users/bytedance/Library/Android/sdk/ndk/22.1.7171670/toolchains/llvm/prebuilt/darwin-x86_64/sysroot -internal-isystem /Users/bytedance/Library/Android/sdk/ndk/22.1.7171670/toolchains/llvm/prebuilt/darwin-x86_64/sysroot/usr/local/include -internal-isystem /Users/bytedance/Library/Android/sdk/ndk/22.1.7171670/toolchains/llvm/prebuilt/darwin-x86_64/lib64/clang/11.0.5/include -internal-externc-isystem /Users/bytedance/Library/Android/sdk/ndk/22.1.7171670/toolchains/llvm/prebuilt/darwin-x86_64/sysroot/usr/include/i686-linux-android -internal-externc-isystem /Users/bytedance/Library/Android/sdk/ndk/22.1.7171670/toolchains/llvm/prebuilt/darwin-x86_64/sysroot/include -internal-externc-isystem /Users/bytedance/Library/Android/sdk/ndk/22.1.7171670/toolchains/llvm/prebuilt/darwin-x86_64/sysroot/usr/include -Wformat -fdebug-compilation-dir /Users/bytedance/code/android/ndk-samples/native-activity/app/.cxx/cmake/debug/x86/CMakeFiles/CMakeTmp -ferror-limit 19 -stack-protector 2 -mstackrealign -fgnuc-version=4.2.1 -o CMakeFiles/cmTC_804d8.dir/CMakeCCompilerABI.c.o -x c /Users/bytedance/Library/Android/sdk/cmake/3.18.1/share/cmake-3.18/Modules/CMakeCCompilerABI.c]
  ignore line: [clang -cc1 version 11.0.5 based upon LLVM 11.0.5git default target x86_64-apple-darwin19.6.0]
  ignore line: [ignoring nonexistent directory "/Users/bytedance/Library/Android/sdk/ndk/22.1.7171670/toolchains/llvm/prebuilt/darwin-x86_64/sysroot/include"]
  ignore line: [#include "..." search starts here:]
  ignore line: [#include <...> search starts here:]
  ignore line: [ /Users/bytedance/Library/Android/sdk/ndk/22.1.7171670/toolchains/llvm/prebuilt/darwin-x86_64/sysroot/usr/local/include]
  ignore line: [ /Users/bytedance/Library/Android/sdk/ndk/22.1.7171670/toolchains/llvm/prebuilt/darwin-x86_64/lib64/clang/11.0.5/include]
  ignore line: [ /Users/bytedance/Library/Android/sdk/ndk/22.1.7171670/toolchains/llvm/prebuilt/darwin-x86_64/sysroot/usr/include/i686-linux-android]
  ignore line: [ /Users/bytedance/Library/Android/sdk/ndk/22.1.7171670/toolchains/llvm/prebuilt/darwin-x86_64/sysroot/usr/include]
  ignore line: [End of search list.]
  ignore line: [[2/2] Linking C executable cmTC_804d8]
  ignore line: [Android (7155654  based on r399163b1) clang version 11.0.5 (https://android.googlesource.com/toolchain/llvm-project 87f1315dfbea7c137aa2e6d362dbb457e388158d)]
  ignore line: [Target: i686-none-linux-android16]
  ignore line: [Thread model: posix]
  ignore line: [InstalledDir: /Users/bytedance/Library/Android/sdk/ndk/22.1.7171670/toolchains/llvm/prebuilt/darwin-x86_64/bin]
  ignore line: [Found candidate GCC installation: /Users/bytedance/Library/Android/sdk/ndk/22.1.7171670/toolchains/llvm/prebuilt/darwin-x86_64/lib/gcc/i686-linux-android/4.9.x]
  ignore line: [Found candidate GCC installation: /Users/bytedance/Library/Android/sdk/ndk/22.1.7171670/toolchains/llvm/prebuilt/darwin-x86_64/lib/gcc/x86_64-linux-android/4.9.x]
  ignore line: [Selected GCC installation: /Users/bytedance/Library/Android/sdk/ndk/22.1.7171670/toolchains/llvm/prebuilt/darwin-x86_64/lib/gcc/i686-linux-android/4.9.x]
  ignore line: [Candidate multilib: .]
  ignore line: [@m32]
  ignore line: [Selected multilib: .]
  ignore line: [@m32]
  link line: [ "/Users/bytedance/Library/Android/sdk/ndk/22.1.7171670/toolchains/llvm/prebuilt/darwin-x86_64/bin/ld" --sysroot=/Users/bytedance/Library/Android/sdk/ndk/22.1.7171670/toolchains/llvm/prebuilt/darwin-x86_64/sysroot -pie -z noexecstack --warn-shared-textrel -z now -z relro --hash-style=both --enable-new-dtags --eh-frame-hdr -m elf_i386 -dynamic-linker /system/bin/linker -o cmTC_804d8 /Users/bytedance/Library/Android/sdk/ndk/22.1.7171670/toolchains/llvm/prebuilt/darwin-x86_64/sysroot/usr/lib/i686-linux-android/16/crtbegin_dynamic.o -L/Users/bytedance/Library/Android/sdk/ndk/22.1.7171670/toolchains/llvm/prebuilt/darwin-x86_64/lib64/clang/11.0.5/lib/linux/i386 -L/Users/bytedance/Library/Android/sdk/ndk/22.1.7171670/toolchains/llvm/prebuilt/darwin-x86_64/lib/gcc/i686-linux-android/4.9.x -L/Users/bytedance/Library/Android/sdk/ndk/22.1.7171670/toolchains/llvm/prebuilt/darwin-x86_64/sysroot/usr/lib/i686-linux-android/16 -L/Users/bytedance/Library/Android/sdk/ndk/22.1.7171670/toolchains/llvm/prebuilt/darwin-x86_64/sysroot/usr/lib/i686-linux-android -L/Users/bytedance/Library/Android/sdk/ndk/22.1.7171670/toolchains/llvm/prebuilt/darwin-x86_64/lib/gcc/i686-linux-android/4.9.x/../../../../i686-linux-android/lib -L/Users/bytedance/Library/Android/sdk/ndk/22.1.7171670/toolchains/llvm/prebuilt/darwin-x86_64/sysroot/usr/lib --exclude-libs libgcc.a --exclude-libs libgcc_real.a --exclude-libs libatomic.a --build-id=sha1 --no-rosegment --fatal-warnings --no-undefined --gc-sections CMakeFiles/cmTC_804d8.dir/CMakeCCompilerABI.c.o -lgcc -ldl -lc -lgcc -ldl /Users/bytedance/Library/Android/sdk/ndk/22.1.7171670/toolchains/llvm/prebuilt/darwin-x86_64/sysroot/usr/lib/i686-linux-android/16/crtend_android.o]
    arg [/Users/bytedance/Library/Android/sdk/ndk/22.1.7171670/toolchains/llvm/prebuilt/darwin-x86_64/bin/ld] ==> ignore
    arg [--sysroot=/Users/bytedance/Library/Android/sdk/ndk/22.1.7171670/toolchains/llvm/prebuilt/darwin-x86_64/sysroot] ==> ignore
    arg [-pie] ==> ignore
    arg [-znoexecstack] ==> ignore
    arg [--warn-shared-textrel] ==> ignore
    arg [-znow] ==> ignore
    arg [-zrelro] ==> ignore
    arg [--hash-style=both] ==> ignore
    arg [--enable-new-dtags] ==> ignore
    arg [--eh-frame-hdr] ==> ignore
    arg [-m] ==> ignore
    arg [elf_i386] ==> ignore
    arg [-dynamic-linker] ==> ignore
    arg [/system/bin/linker] ==> ignore
    arg [-o] ==> ignore
    arg [cmTC_804d8] ==> ignore
    arg [/Users/bytedance/Library/Android/sdk/ndk/22.1.7171670/toolchains/llvm/prebuilt/darwin-x86_64/sysroot/usr/lib/i686-linux-android/16/crtbegin_dynamic.o] ==> ignore
    arg [-L/Users/bytedance/Library/Android/sdk/ndk/22.1.7171670/toolchains/llvm/prebuilt/darwin-x86_64/lib64/clang/11.0.5/lib/linux/i386] ==> dir [/Users/bytedance/Library/Android/sdk/ndk/22.1.7171670/toolchains/llvm/prebuilt/darwin-x86_64/lib64/clang/11.0.5/lib/linux/i386]
    arg [-L/Users/bytedance/Library/Android/sdk/ndk/22.1.7171670/toolchains/llvm/prebuilt/darwin-x86_64/lib/gcc/i686-linux-android/4.9.x] ==> dir [/Users/bytedance/Library/Android/sdk/ndk/22.1.7171670/toolchains/llvm/prebuilt/darwin-x86_64/lib/gcc/i686-linux-android/4.9.x]
    arg [-L/Users/bytedance/Library/Android/sdk/ndk/22.1.7171670/toolchains/llvm/prebuilt/darwin-x86_64/sysroot/usr/lib/i686-linux-android/16] ==> dir [/Users/bytedance/Library/Android/sdk/ndk/22.1.7171670/toolchains/llvm/prebuilt/darwin-x86_64/sysroot/usr/lib/i686-linux-android/16]
    arg [-L/Users/bytedance/Library/Android/sdk/ndk/22.1.7171670/toolchains/llvm/prebuilt/darwin-x86_64/sysroot/usr/lib/i686-linux-android] ==> dir [/Users/bytedance/Library/Android/sdk/ndk/22.1.7171670/toolchains/llvm/prebuilt/darwin-x86_64/sysroot/usr/lib/i686-linux-android]
    arg [-L/Users/bytedance/Library/Android/sdk/ndk/22.1.7171670/toolchains/llvm/prebuilt/darwin-x86_64/lib/gcc/i686-linux-android/4.9.x/../../../../i686-linux-android/lib] ==> dir [/Users/bytedance/Library/Android/sdk/ndk/22.1.7171670/toolchains/llvm/prebuilt/darwin-x86_64/lib/gcc/i686-linux-android/4.9.x/../../../../i686-linux-android/lib]
    arg [-L/Users/bytedance/Library/Android/sdk/ndk/22.1.7171670/toolchains/llvm/prebuilt/darwin-x86_64/sysroot/usr/lib] ==> dir [/Users/bytedance/Library/Android/sdk/ndk/22.1.7171670/toolchains/llvm/prebuilt/darwin-x86_64/sysroot/usr/lib]
    arg [--exclude-libs] ==> ignore
    arg [libgcc.a] ==> ignore
    arg [--exclude-libs] ==> ignore
    arg [libgcc_real.a] ==> ignore
    arg [--exclude-libs] ==> ignore
    arg [libatomic.a] ==> ignore
    arg [--build-id=sha1] ==> ignore
    arg [--no-rosegment] ==> ignore
    arg [--fatal-warnings] ==> ignore
    arg [--no-undefined] ==> ignore
    arg [--gc-sections] ==> ignore
    arg [CMakeFiles/cmTC_804d8.dir/CMakeCCompilerABI.c.o] ==> ignore
    arg [-lgcc] ==> lib [gcc]
    arg [-ldl] ==> lib [dl]
    arg [-lc] ==> lib [c]
    arg [-lgcc] ==> lib [gcc]
    arg [-ldl] ==> lib [dl]
    arg [/Users/bytedance/Library/Android/sdk/ndk/22.1.7171670/toolchains/llvm/prebuilt/darwin-x86_64/sysroot/usr/lib/i686-linux-android/16/crtend_android.o] ==> ignore
  collapse library dir [/Users/bytedance/Library/Android/sdk/ndk/22.1.7171670/toolchains/llvm/prebuilt/darwin-x86_64/lib64/clang/11.0.5/lib/linux/i386] ==> [/Users/bytedance/Library/Android/sdk/ndk/22.1.7171670/toolchains/llvm/prebuilt/darwin-x86_64/lib64/clang/11.0.5/lib/linux/i386]
  collapse library dir [/Users/bytedance/Library/Android/sdk/ndk/22.1.7171670/toolchains/llvm/prebuilt/darwin-x86_64/lib/gcc/i686-linux-android/4.9.x] ==> [/Users/bytedance/Library/Android/sdk/ndk/22.1.7171670/toolchains/llvm/prebuilt/darwin-x86_64/lib/gcc/i686-linux-android/4.9.x]
  collapse library dir [/Users/bytedance/Library/Android/sdk/ndk/22.1.7171670/toolchains/llvm/prebuilt/darwin-x86_64/sysroot/usr/lib/i686-linux-android/16] ==> [/Users/bytedance/Library/Android/sdk/ndk/22.1.7171670/toolchains/llvm/prebuilt/darwin-x86_64/sysroot/usr/lib/i686-linux-android/16]
  collapse library dir [/Users/bytedance/Library/Android/sdk/ndk/22.1.7171670/toolchains/llvm/prebuilt/darwin-x86_64/sysroot/usr/lib/i686-linux-android] ==> [/Users/bytedance/Library/Android/sdk/ndk/22.1.7171670/toolchains/llvm/prebuilt/darwin-x86_64/sysroot/usr/lib/i686-linux-android]
  collapse library dir [/Users/bytedance/Library/Android/sdk/ndk/22.1.7171670/toolchains/llvm/prebuilt/darwin-x86_64/lib/gcc/i686-linux-android/4.9.x/../../../../i686-linux-android/lib] ==> [/Users/bytedance/Library/Android/sdk/ndk/22.1.7171670/toolchains/llvm/prebuilt/darwin-x86_64/i686-linux-android/lib]
  collapse library dir [/Users/bytedance/Library/Android/sdk/ndk/22.1.7171670/toolchains/llvm/prebuilt/darwin-x86_64/sysroot/usr/lib] ==> [/Users/bytedance/Library/Android/sdk/ndk/22.1.7171670/toolchains/llvm/prebuilt/darwin-x86_64/sysroot/usr/lib]
  implicit libs: [gcc;dl;c;gcc;dl]
  implicit dirs: [/Users/bytedance/Library/Android/sdk/ndk/22.1.7171670/toolchains/llvm/prebuilt/darwin-x86_64/lib64/clang/11.0.5/lib/linux/i386;/Users/bytedance/Library/Android/sdk/ndk/22.1.7171670/toolchains/llvm/prebuilt/darwin-x86_64/lib/gcc/i686-linux-android/4.9.x;/Users/bytedance/Library/Android/sdk/ndk/22.1.7171670/toolchains/llvm/prebuilt/darwin-x86_64/sysroot/usr/lib/i686-linux-android/16;/Users/bytedance/Library/Android/sdk/ndk/22.1.7171670/toolchains/llvm/prebuilt/darwin-x86_64/sysroot/usr/lib/i686-linux-android;/Users/bytedance/Library/Android/sdk/ndk/22.1.7171670/toolchains/llvm/prebuilt/darwin-x86_64/i686-linux-android/lib;/Users/bytedance/Library/Android/sdk/ndk/22.1.7171670/toolchains/llvm/prebuilt/darwin-x86_64/sysroot/usr/lib]
  implicit fwks: []


Detecting CXX compiler ABI info compiled with the following output:
Change Dir: /Users/bytedance/code/android/ndk-samples/native-activity/app/.cxx/cmake/debug/x86/CMakeFiles/CMakeTmp

Run Build Command(s):/Users/bytedance/Library/Android/sdk/cmake/3.18.1/bin/ninja cmTC_39beb && [1/2] Building CXX object CMakeFiles/cmTC_39beb.dir/CMakeCXXCompilerABI.cpp.o
Android (7155654, based on r399163b1) clang version 11.0.5 (https://android.googlesource.com/toolchain/llvm-project 87f1315dfbea7c137aa2e6d362dbb457e388158d)
Target: i686-none-linux-android16
Thread model: posix
InstalledDir: /Users/bytedance/Library/Android/sdk/ndk/22.1.7171670/toolchains/llvm/prebuilt/darwin-x86_64/bin
Found candidate GCC installation: /Users/bytedance/Library/Android/sdk/ndk/22.1.7171670/toolchains/llvm/prebuilt/darwin-x86_64/lib/gcc/i686-linux-android/4.9.x
Found candidate GCC installation: /Users/bytedance/Library/Android/sdk/ndk/22.1.7171670/toolchains/llvm/prebuilt/darwin-x86_64/lib/gcc/x86_64-linux-android/4.9.x
Selected GCC installation: /Users/bytedance/Library/Android/sdk/ndk/22.1.7171670/toolchains/llvm/prebuilt/darwin-x86_64/lib/gcc/i686-linux-android/4.9.x
Candidate multilib: .;@m32
Selected multilib: .;@m32
 (in-process)
 "/Users/bytedance/Library/Android/sdk/ndk/22.1.7171670/toolchains/llvm/prebuilt/darwin-x86_64/bin/clang++" -cc1 -triple i686-none-linux-android16 -emit-obj -mrelax-all -mnoexecstack -disable-free -disable-llvm-verifier -discard-value-names -main-file-name CMakeCXXCompilerABI.cpp -mrelocation-model pic -pic-level 2 -pic-is-pie -mframe-pointer=all -fno-rounding-math -mconstructor-aliases -munwind-tables -target-cpu i686 -target-feature +ssse3 -fno-split-dwarf-inlining -debug-info-kind=limited -dwarf-version=4 -debugger-tuning=gdb -target-linker-version 305 -v -ffunction-sections -fdata-sections -resource-dir /Users/bytedance/Library/Android/sdk/ndk/22.1.7171670/toolchains/llvm/prebuilt/darwin-x86_64/lib64/clang/11.0.5 -dependency-file CMakeFiles/cmTC_39beb.dir/CMakeCXXCompilerABI.cpp.o.d -MT CMakeFiles/cmTC_39beb.dir/CMakeCXXCompilerABI.cpp.o -sys-header-deps -D ANDROID -D _FORTIFY_SOURCE=2 -isysroot /Users/bytedance/Library/Android/sdk/ndk/22.1.7171670/toolchains/llvm/prebuilt/darwin-x86_64/sysroot -internal-isystem /Users/bytedance/Library/Android/sdk/ndk/22.1.7171670/toolchains/llvm/prebuilt/darwin-x86_64/sysroot/usr/include/c++/v1 -internal-isystem /Users/bytedance/Library/Android/sdk/ndk/22.1.7171670/toolchains/llvm/prebuilt/darwin-x86_64/sysroot/usr/local/include -internal-isystem /Users/bytedance/Library/Android/sdk/ndk/22.1.7171670/toolchains/llvm/prebuilt/darwin-x86_64/lib64/clang/11.0.5/include -internal-externc-isystem /Users/bytedance/Library/Android/sdk/ndk/22.1.7171670/toolchains/llvm/prebuilt/darwin-x86_64/sysroot/usr/include/i686-linux-android -internal-externc-isystem /Users/bytedance/Library/Android/sdk/ndk/22.1.7171670/toolchains/llvm/prebuilt/darwin-x86_64/sysroot/include -internal-externc-isystem /Users/bytedance/Library/Android/sdk/ndk/22.1.7171670/toolchains/llvm/prebuilt/darwin-x86_64/sysroot/usr/include -Wformat -fdeprecated-macro -fdebug-compilation-dir /Users/bytedance/code/android/ndk-samples/native-activity/app/.cxx/cmake/debug/x86/CMakeFiles/CMakeTmp -ferror-limit 19 -stack-protector 2 -mstackrealign -fgnuc-version=4.2.1 -fcxx-exceptions -fexceptions -o CMakeFiles/cmTC_39beb.dir/CMakeCXXCompilerABI.cpp.o -x c++ /Users/bytedance/Library/Android/sdk/cmake/3.18.1/share/cmake-3.18/Modules/CMakeCXXCompilerABI.cpp
clang -cc1 version 11.0.5 based upon LLVM 11.0.5git default target x86_64-apple-darwin19.6.0
ignoring nonexistent directory "/Users/bytedance/Library/Android/sdk/ndk/22.1.7171670/toolchains/llvm/prebuilt/darwin-x86_64/sysroot/include"
#include "..." search starts here:
#include <...> search starts here:
 /Users/bytedance/Library/Android/sdk/ndk/22.1.7171670/toolchains/llvm/prebuilt/darwin-x86_64/sysroot/usr/include/c++/v1
 /Users/bytedance/Library/Android/sdk/ndk/22.1.7171670/toolchains/llvm/prebuilt/darwin-x86_64/sysroot/usr/local/include
 /Users/bytedance/Library/Android/sdk/ndk/22.1.7171670/toolchains/llvm/prebuilt/darwin-x86_64/lib64/clang/11.0.5/include
 /Users/bytedance/Library/Android/sdk/ndk/22.1.7171670/toolchains/llvm/prebuilt/darwin-x86_64/sysroot/usr/include/i686-linux-android
 /Users/bytedance/Library/Android/sdk/ndk/22.1.7171670/toolchains/llvm/prebuilt/darwin-x86_64/sysroot/usr/include
End of search list.
[2/2] Linking CXX executable cmTC_39beb
Android (7155654, based on r399163b1) clang version 11.0.5 (https://android.googlesource.com/toolchain/llvm-project 87f1315dfbea7c137aa2e6d362dbb457e388158d)
Target: i686-none-linux-android16
Thread model: posix
InstalledDir: /Users/bytedance/Library/Android/sdk/ndk/22.1.7171670/toolchains/llvm/prebuilt/darwin-x86_64/bin
Found candidate GCC installation: /Users/bytedance/Library/Android/sdk/ndk/22.1.7171670/toolchains/llvm/prebuilt/darwin-x86_64/lib/gcc/i686-linux-android/4.9.x
Found candidate GCC installation: /Users/bytedance/Library/Android/sdk/ndk/22.1.7171670/toolchains/llvm/prebuilt/darwin-x86_64/lib/gcc/x86_64-linux-android/4.9.x
Selected GCC installation: /Users/bytedance/Library/Android/sdk/ndk/22.1.7171670/toolchains/llvm/prebuilt/darwin-x86_64/lib/gcc/i686-linux-android/4.9.x
Candidate multilib: .;@m32
Selected multilib: .;@m32
 "/Users/bytedance/Library/Android/sdk/ndk/22.1.7171670/toolchains/llvm/prebuilt/darwin-x86_64/bin/ld" --sysroot=/Users/bytedance/Library/Android/sdk/ndk/22.1.7171670/toolchains/llvm/prebuilt/darwin-x86_64/sysroot -pie -z noexecstack --warn-shared-textrel -z now -z relro --hash-style=both --enable-new-dtags --eh-frame-hdr -m elf_i386 -dynamic-linker /system/bin/linker -o cmTC_39beb /Users/bytedance/Library/Android/sdk/ndk/22.1.7171670/toolchains/llvm/prebuilt/darwin-x86_64/sysroot/usr/lib/i686-linux-android/16/crtbegin_dynamic.o -L/Users/bytedance/Library/Android/sdk/ndk/22.1.7171670/toolchains/llvm/prebuilt/darwin-x86_64/lib64/clang/11.0.5/lib/linux/i386 -L/Users/bytedance/Library/Android/sdk/ndk/22.1.7171670/toolchains/llvm/prebuilt/darwin-x86_64/lib/gcc/i686-linux-android/4.9.x -L/Users/bytedance/Library/Android/sdk/ndk/22.1.7171670/toolchains/llvm/prebuilt/darwin-x86_64/sysroot/usr/lib/i686-linux-android/16 -L/Users/bytedance/Library/Android/sdk/ndk/22.1.7171670/toolchains/llvm/prebuilt/darwin-x86_64/sysroot/usr/lib/i686-linux-android -L/Users/bytedance/Library/Android/sdk/ndk/22.1.7171670/toolchains/llvm/prebuilt/darwin-x86_64/lib/gcc/i686-linux-android/4.9.x/../../../../i686-linux-android/lib -L/Users/bytedance/Library/Android/sdk/ndk/22.1.7171670/toolchains/llvm/prebuilt/darwin-x86_64/sysroot/usr/lib --exclude-libs libgcc.a --exclude-libs libgcc_real.a --exclude-libs libatomic.a --build-id=sha1 --no-rosegment --fatal-warnings --no-undefined --gc-sections CMakeFiles/cmTC_39beb.dir/CMakeCXXCompilerABI.cpp.o -Bstatic -lc++ -Bdynamic -lm -lgcc -ldl -lc -lgcc -ldl /Users/bytedance/Library/Android/sdk/ndk/22.1.7171670/toolchains/llvm/prebuilt/darwin-x86_64/sysroot/usr/lib/i686-linux-android/16/crtend_android.o



Parsed CXX implicit include dir info from above output: rv=done
  found start of include info
  found start of implicit include info
    add: [/Users/bytedance/Library/Android/sdk/ndk/22.1.7171670/toolchains/llvm/prebuilt/darwin-x86_64/sysroot/usr/include/c++/v1]
    add: [/Users/bytedance/Library/Android/sdk/ndk/22.1.7171670/toolchains/llvm/prebuilt/darwin-x86_64/sysroot/usr/local/include]
    add: [/Users/bytedance/Library/Android/sdk/ndk/22.1.7171670/toolchains/llvm/prebuilt/darwin-x86_64/lib64/clang/11.0.5/include]
    add: [/Users/bytedance/Library/Android/sdk/ndk/22.1.7171670/toolchains/llvm/prebuilt/darwin-x86_64/sysroot/usr/include/i686-linux-android]
    add: [/Users/bytedance/Library/Android/sdk/ndk/22.1.7171670/toolchains/llvm/prebuilt/darwin-x86_64/sysroot/usr/include]
  end of search list found
  collapse include dir [/Users/bytedance/Library/Android/sdk/ndk/22.1.7171670/toolchains/llvm/prebuilt/darwin-x86_64/sysroot/usr/include/c++/v1] ==> [/Users/bytedance/Library/Android/sdk/ndk/22.1.7171670/toolchains/llvm/prebuilt/darwin-x86_64/sysroot/usr/include/c++/v1]
  collapse include dir [/Users/bytedance/Library/Android/sdk/ndk/22.1.7171670/toolchains/llvm/prebuilt/darwin-x86_64/sysroot/usr/local/include] ==> [/Users/bytedance/Library/Android/sdk/ndk/22.1.7171670/toolchains/llvm/prebuilt/darwin-x86_64/sysroot/usr/local/include]
  collapse include dir [/Users/bytedance/Library/Android/sdk/ndk/22.1.7171670/toolchains/llvm/prebuilt/darwin-x86_64/lib64/clang/11.0.5/include] ==> [/Users/bytedance/Library/Android/sdk/ndk/22.1.7171670/toolchains/llvm/prebuilt/darwin-x86_64/lib64/clang/11.0.5/include]
  collapse include dir [/Users/bytedance/Library/Android/sdk/ndk/22.1.7171670/toolchains/llvm/prebuilt/darwin-x86_64/sysroot/usr/include/i686-linux-android] ==> [/Users/bytedance/Library/Android/sdk/ndk/22.1.7171670/toolchains/llvm/prebuilt/darwin-x86_64/sysroot/usr/include/i686-linux-android]
  collapse include dir [/Users/bytedance/Library/Android/sdk/ndk/22.1.7171670/toolchains/llvm/prebuilt/darwin-x86_64/sysroot/usr/include] ==> [/Users/bytedance/Library/Android/sdk/ndk/22.1.7171670/toolchains/llvm/prebuilt/darwin-x86_64/sysroot/usr/include]
  implicit include dirs: [/Users/bytedance/Library/Android/sdk/ndk/22.1.7171670/toolchains/llvm/prebuilt/darwin-x86_64/sysroot/usr/include/c++/v1;/Users/bytedance/Library/Android/sdk/ndk/22.1.7171670/toolchains/llvm/prebuilt/darwin-x86_64/sysroot/usr/local/include;/Users/bytedance/Library/Android/sdk/ndk/22.1.7171670/toolchains/llvm/prebuilt/darwin-x86_64/lib64/clang/11.0.5/include;/Users/bytedance/Library/Android/sdk/ndk/22.1.7171670/toolchains/llvm/prebuilt/darwin-x86_64/sysroot/usr/include/i686-linux-android;/Users/bytedance/Library/Android/sdk/ndk/22.1.7171670/toolchains/llvm/prebuilt/darwin-x86_64/sysroot/usr/include]


Parsed CXX implicit link information from above output:
  link line regex: [^( *|.*[/\])(ld\.lld|CMAKE_LINK_STARTFILE-NOTFOUND|([^/\]+-)?ld|collect2)[^/\]*( |$)]
  ignore line: [Change Dir: /Users/bytedance/code/android/ndk-samples/native-activity/app/.cxx/cmake/debug/x86/CMakeFiles/CMakeTmp]
  ignore line: []
  ignore line: [Run Build Command(s):/Users/bytedance/Library/Android/sdk/cmake/3.18.1/bin/ninja cmTC_39beb && [1/2] Building CXX object CMakeFiles/cmTC_39beb.dir/CMakeCXXCompilerABI.cpp.o]
  ignore line: [Android (7155654  based on r399163b1) clang version 11.0.5 (https://android.googlesource.com/toolchain/llvm-project 87f1315dfbea7c137aa2e6d362dbb457e388158d)]
  ignore line: [Target: i686-none-linux-android16]
  ignore line: [Thread model: posix]
  ignore line: [InstalledDir: /Users/bytedance/Library/Android/sdk/ndk/22.1.7171670/toolchains/llvm/prebuilt/darwin-x86_64/bin]
  ignore line: [Found candidate GCC installation: /Users/bytedance/Library/Android/sdk/ndk/22.1.7171670/toolchains/llvm/prebuilt/darwin-x86_64/lib/gcc/i686-linux-android/4.9.x]
  ignore line: [Found candidate GCC installation: /Users/bytedance/Library/Android/sdk/ndk/22.1.7171670/toolchains/llvm/prebuilt/darwin-x86_64/lib/gcc/x86_64-linux-android/4.9.x]
  ignore line: [Selected GCC installation: /Users/bytedance/Library/Android/sdk/ndk/22.1.7171670/toolchains/llvm/prebuilt/darwin-x86_64/lib/gcc/i686-linux-android/4.9.x]
  ignore line: [Candidate multilib: .]
  ignore line: [@m32]
  ignore line: [Selected multilib: .]
  ignore line: [@m32]
  ignore line: [ (in-process)]
  ignore line: [ "/Users/bytedance/Library/Android/sdk/ndk/22.1.7171670/toolchains/llvm/prebuilt/darwin-x86_64/bin/clang++" -cc1 -triple i686-none-linux-android16 -emit-obj -mrelax-all -mnoexecstack -disable-free -disable-llvm-verifier -discard-value-names -main-file-name CMakeCXXCompilerABI.cpp -mrelocation-model pic -pic-level 2 -pic-is-pie -mframe-pointer=all -fno-rounding-math -mconstructor-aliases -munwind-tables -target-cpu i686 -target-feature +ssse3 -fno-split-dwarf-inlining -debug-info-kind=limited -dwarf-version=4 -debugger-tuning=gdb -target-linker-version 305 -v -ffunction-sections -fdata-sections -resource-dir /Users/bytedance/Library/Android/sdk/ndk/22.1.7171670/toolchains/llvm/prebuilt/darwin-x86_64/lib64/clang/11.0.5 -dependency-file CMakeFiles/cmTC_39beb.dir/CMakeCXXCompilerABI.cpp.o.d -MT CMakeFiles/cmTC_39beb.dir/CMakeCXXCompilerABI.cpp.o -sys-header-deps -D ANDROID -D _FORTIFY_SOURCE=2 -isysroot /Users/bytedance/Library/Android/sdk/ndk/22.1.7171670/toolchains/llvm/prebuilt/darwin-x86_64/sysroot -internal-isystem /Users/bytedance/Library/Android/sdk/ndk/22.1.7171670/toolchains/llvm/prebuilt/darwin-x86_64/sysroot/usr/include/c++/v1 -internal-isystem /Users/bytedance/Library/Android/sdk/ndk/22.1.7171670/toolchains/llvm/prebuilt/darwin-x86_64/sysroot/usr/local/include -internal-isystem /Users/bytedance/Library/Android/sdk/ndk/22.1.7171670/toolchains/llvm/prebuilt/darwin-x86_64/lib64/clang/11.0.5/include -internal-externc-isystem /Users/bytedance/Library/Android/sdk/ndk/22.1.7171670/toolchains/llvm/prebuilt/darwin-x86_64/sysroot/usr/include/i686-linux-android -internal-externc-isystem /Users/bytedance/Library/Android/sdk/ndk/22.1.7171670/toolchains/llvm/prebuilt/darwin-x86_64/sysroot/include -internal-externc-isystem /Users/bytedance/Library/Android/sdk/ndk/22.1.7171670/toolchains/llvm/prebuilt/darwin-x86_64/sysroot/usr/include -Wformat -fdeprecated-macro -fdebug-compilation-dir /Users/bytedance/code/android/ndk-samples/native-activity/app/.cxx/cmake/debug/x86/CMakeFiles/CMakeTmp -ferror-limit 19 -stack-protector 2 -mstackrealign -fgnuc-version=4.2.1 -fcxx-exceptions -fexceptions -o CMakeFiles/cmTC_39beb.dir/CMakeCXXCompilerABI.cpp.o -x c++ /Users/bytedance/Library/Android/sdk/cmake/3.18.1/share/cmake-3.18/Modules/CMakeCXXCompilerABI.cpp]
  ignore line: [clang -cc1 version 11.0.5 based upon LLVM 11.0.5git default target x86_64-apple-darwin19.6.0]
  ignore line: [ignoring nonexistent directory "/Users/bytedance/Library/Android/sdk/ndk/22.1.7171670/toolchains/llvm/prebuilt/darwin-x86_64/sysroot/include"]
  ignore line: [#include "..." search starts here:]
  ignore line: [#include <...> search starts here:]
  ignore line: [ /Users/bytedance/Library/Android/sdk/ndk/22.1.7171670/toolchains/llvm/prebuilt/darwin-x86_64/sysroot/usr/include/c++/v1]
  ignore line: [ /Users/bytedance/Library/Android/sdk/ndk/22.1.7171670/toolchains/llvm/prebuilt/darwin-x86_64/sysroot/usr/local/include]
  ignore line: [ /Users/bytedance/Library/Android/sdk/ndk/22.1.7171670/toolchains/llvm/prebuilt/darwin-x86_64/lib64/clang/11.0.5/include]
  ignore line: [ /Users/bytedance/Library/Android/sdk/ndk/22.1.7171670/toolchains/llvm/prebuilt/darwin-x86_64/sysroot/usr/include/i686-linux-android]
  ignore line: [ /Users/bytedance/Library/Android/sdk/ndk/22.1.7171670/toolchains/llvm/prebuilt/darwin-x86_64/sysroot/usr/include]
  ignore line: [End of search list.]
  ignore line: [[2/2] Linking CXX executable cmTC_39beb]
  ignore line: [Android (7155654  based on r399163b1) clang version 11.0.5 (https://android.googlesource.com/toolchain/llvm-project 87f1315dfbea7c137aa2e6d362dbb457e388158d)]
  ignore line: [Target: i686-none-linux-android16]
  ignore line: [Thread model: posix]
  ignore line: [InstalledDir: /Users/bytedance/Library/Android/sdk/ndk/22.1.7171670/toolchains/llvm/prebuilt/darwin-x86_64/bin]
  ignore line: [Found candidate GCC installation: /Users/bytedance/Library/Android/sdk/ndk/22.1.7171670/toolchains/llvm/prebuilt/darwin-x86_64/lib/gcc/i686-linux-android/4.9.x]
  ignore line: [Found candidate GCC installation: /Users/bytedance/Library/Android/sdk/ndk/22.1.7171670/toolchains/llvm/prebuilt/darwin-x86_64/lib/gcc/x86_64-linux-android/4.9.x]
  ignore line: [Selected GCC installation: /Users/bytedance/Library/Android/sdk/ndk/22.1.7171670/toolchains/llvm/prebuilt/darwin-x86_64/lib/gcc/i686-linux-android/4.9.x]
  ignore line: [Candidate multilib: .]
  ignore line: [@m32]
  ignore line: [Selected multilib: .]
  ignore line: [@m32]
  link line: [ "/Users/bytedance/Library/Android/sdk/ndk/22.1.7171670/toolchains/llvm/prebuilt/darwin-x86_64/bin/ld" --sysroot=/Users/bytedance/Library/Android/sdk/ndk/22.1.7171670/toolchains/llvm/prebuilt/darwin-x86_64/sysroot -pie -z noexecstack --warn-shared-textrel -z now -z relro --hash-style=both --enable-new-dtags --eh-frame-hdr -m elf_i386 -dynamic-linker /system/bin/linker -o cmTC_39beb /Users/bytedance/Library/Android/sdk/ndk/22.1.7171670/toolchains/llvm/prebuilt/darwin-x86_64/sysroot/usr/lib/i686-linux-android/16/crtbegin_dynamic.o -L/Users/bytedance/Library/Android/sdk/ndk/22.1.7171670/toolchains/llvm/prebuilt/darwin-x86_64/lib64/clang/11.0.5/lib/linux/i386 -L/Users/bytedance/Library/Android/sdk/ndk/22.1.7171670/toolchains/llvm/prebuilt/darwin-x86_64/lib/gcc/i686-linux-android/4.9.x -L/Users/bytedance/Library/Android/sdk/ndk/22.1.7171670/toolchains/llvm/prebuilt/darwin-x86_64/sysroot/usr/lib/i686-linux-android/16 -L/Users/bytedance/Library/Android/sdk/ndk/22.1.7171670/toolchains/llvm/prebuilt/darwin-x86_64/sysroot/usr/lib/i686-linux-android -L/Users/bytedance/Library/Android/sdk/ndk/22.1.7171670/toolchains/llvm/prebuilt/darwin-x86_64/lib/gcc/i686-linux-android/4.9.x/../../../../i686-linux-android/lib -L/Users/bytedance/Library/Android/sdk/ndk/22.1.7171670/toolchains/llvm/prebuilt/darwin-x86_64/sysroot/usr/lib --exclude-libs libgcc.a --exclude-libs libgcc_real.a --exclude-libs libatomic.a --build-id=sha1 --no-rosegment --fatal-warnings --no-undefined --gc-sections CMakeFiles/cmTC_39beb.dir/CMakeCXXCompilerABI.cpp.o -Bstatic -lc++ -Bdynamic -lm -lgcc -ldl -lc -lgcc -ldl /Users/bytedance/Library/Android/sdk/ndk/22.1.7171670/toolchains/llvm/prebuilt/darwin-x86_64/sysroot/usr/lib/i686-linux-android/16/crtend_android.o]
    arg [/Users/bytedance/Library/Android/sdk/ndk/22.1.7171670/toolchains/llvm/prebuilt/darwin-x86_64/bin/ld] ==> ignore
    arg [--sysroot=/Users/bytedance/Library/Android/sdk/ndk/22.1.7171670/toolchains/llvm/prebuilt/darwin-x86_64/sysroot] ==> ignore
    arg [-pie] ==> ignore
    arg [-znoexecstack] ==> ignore
    arg [--warn-shared-textrel] ==> ignore
    arg [-znow] ==> ignore
    arg [-zrelro] ==> ignore
    arg [--hash-style=both] ==> ignore
    arg [--enable-new-dtags] ==> ignore
    arg [--eh-frame-hdr] ==> ignore
    arg [-m] ==> ignore
    arg [elf_i386] ==> ignore
    arg [-dynamic-linker] ==> ignore
    arg [/system/bin/linker] ==> ignore
    arg [-o] ==> ignore
    arg [cmTC_39beb] ==> ignore
    arg [/Users/bytedance/Library/Android/sdk/ndk/22.1.7171670/toolchains/llvm/prebuilt/darwin-x86_64/sysroot/usr/lib/i686-linux-android/16/crtbegin_dynamic.o] ==> ignore
    arg [-L/Users/bytedance/Library/Android/sdk/ndk/22.1.7171670/toolchains/llvm/prebuilt/darwin-x86_64/lib64/clang/11.0.5/lib/linux/i386] ==> dir [/Users/bytedance/Library/Android/sdk/ndk/22.1.7171670/toolchains/llvm/prebuilt/darwin-x86_64/lib64/clang/11.0.5/lib/linux/i386]
    arg [-L/Users/bytedance/Library/Android/sdk/ndk/22.1.7171670/toolchains/llvm/prebuilt/darwin-x86_64/lib/gcc/i686-linux-android/4.9.x] ==> dir [/Users/bytedance/Library/Android/sdk/ndk/22.1.7171670/toolchains/llvm/prebuilt/darwin-x86_64/lib/gcc/i686-linux-android/4.9.x]
    arg [-L/Users/bytedance/Library/Android/sdk/ndk/22.1.7171670/toolchains/llvm/prebuilt/darwin-x86_64/sysroot/usr/lib/i686-linux-android/16] ==> dir [/Users/bytedance/Library/Android/sdk/ndk/22.1.7171670/toolchains/llvm/prebuilt/darwin-x86_64/sysroot/usr/lib/i686-linux-android/16]
    arg [-L/Users/bytedance/Library/Android/sdk/ndk/22.1.7171670/toolchains/llvm/prebuilt/darwin-x86_64/sysroot/usr/lib/i686-linux-android] ==> dir [/Users/bytedance/Library/Android/sdk/ndk/22.1.7171670/toolchains/llvm/prebuilt/darwin-x86_64/sysroot/usr/lib/i686-linux-android]
    arg [-L/Users/bytedance/Library/Android/sdk/ndk/22.1.7171670/toolchains/llvm/prebuilt/darwin-x86_64/lib/gcc/i686-linux-android/4.9.x/../../../../i686-linux-android/lib] ==> dir [/Users/bytedance/Library/Android/sdk/ndk/22.1.7171670/toolchains/llvm/prebuilt/darwin-x86_64/lib/gcc/i686-linux-android/4.9.x/../../../../i686-linux-android/lib]
    arg [-L/Users/bytedance/Library/Android/sdk/ndk/22.1.7171670/toolchains/llvm/prebuilt/darwin-x86_64/sysroot/usr/lib] ==> dir [/Users/bytedance/Library/Android/sdk/ndk/22.1.7171670/toolchains/llvm/prebuilt/darwin-x86_64/sysroot/usr/lib]
    arg [--exclude-libs] ==> ignore
    arg [libgcc.a] ==> ignore
    arg [--exclude-libs] ==> ignore
    arg [libgcc_real.a] ==> ignore
    arg [--exclude-libs] ==> ignore
    arg [libatomic.a] ==> ignore
    arg [--build-id=sha1] ==> ignore
    arg [--no-rosegment] ==> ignore
    arg [--fatal-warnings] ==> ignore
    arg [--no-undefined] ==> ignore
    arg [--gc-sections] ==> ignore
    arg [CMakeFiles/cmTC_39beb.dir/CMakeCXXCompilerABI.cpp.o] ==> ignore
    arg [-Bstatic] ==> ignore
    arg [-lc++] ==> lib [c++]
    arg [-Bdynamic] ==> ignore
    arg [-lm] ==> lib [m]
    arg [-lgcc] ==> lib [gcc]
    arg [-ldl] ==> lib [dl]
    arg [-lc] ==> lib [c]
    arg [-lgcc] ==> lib [gcc]
    arg [-ldl] ==> lib [dl]
    arg [/Users/bytedance/Library/Android/sdk/ndk/22.1.7171670/toolchains/llvm/prebuilt/darwin-x86_64/sysroot/usr/lib/i686-linux-android/16/crtend_android.o] ==> ignore
  collapse library dir [/Users/bytedance/Library/Android/sdk/ndk/22.1.7171670/toolchains/llvm/prebuilt/darwin-x86_64/lib64/clang/11.0.5/lib/linux/i386] ==> [/Users/bytedance/Library/Android/sdk/ndk/22.1.7171670/toolchains/llvm/prebuilt/darwin-x86_64/lib64/clang/11.0.5/lib/linux/i386]
  collapse library dir [/Users/bytedance/Library/Android/sdk/ndk/22.1.7171670/toolchains/llvm/prebuilt/darwin-x86_64/lib/gcc/i686-linux-android/4.9.x] ==> [/Users/bytedance/Library/Android/sdk/ndk/22.1.7171670/toolchains/llvm/prebuilt/darwin-x86_64/lib/gcc/i686-linux-android/4.9.x]
  collapse library dir [/Users/bytedance/Library/Android/sdk/ndk/22.1.7171670/toolchains/llvm/prebuilt/darwin-x86_64/sysroot/usr/lib/i686-linux-android/16] ==> [/Users/bytedance/Library/Android/sdk/ndk/22.1.7171670/toolchains/llvm/prebuilt/darwin-x86_64/sysroot/usr/lib/i686-linux-android/16]
  collapse library dir [/Users/bytedance/Library/Android/sdk/ndk/22.1.7171670/toolchains/llvm/prebuilt/darwin-x86_64/sysroot/usr/lib/i686-linux-android] ==> [/Users/bytedance/Library/Android/sdk/ndk/22.1.7171670/toolchains/llvm/prebuilt/darwin-x86_64/sysroot/usr/lib/i686-linux-android]
  collapse library dir [/Users/bytedance/Library/Android/sdk/ndk/22.1.7171670/toolchains/llvm/prebuilt/darwin-x86_64/lib/gcc/i686-linux-android/4.9.x/../../../../i686-linux-android/lib] ==> [/Users/bytedance/Library/Android/sdk/ndk/22.1.7171670/toolchains/llvm/prebuilt/darwin-x86_64/i686-linux-android/lib]
  collapse library dir [/Users/bytedance/Library/Android/sdk/ndk/22.1.7171670/toolchains/llvm/prebuilt/darwin-x86_64/sysroot/usr/lib] ==> [/Users/bytedance/Library/Android/sdk/ndk/22.1.7171670/toolchains/llvm/prebuilt/darwin-x86_64/sysroot/usr/lib]
  implicit libs: [c++;m;gcc;dl;c;gcc;dl]
  implicit dirs: [/Users/bytedance/Library/Android/sdk/ndk/22.1.7171670/toolchains/llvm/prebuilt/darwin-x86_64/lib64/clang/11.0.5/lib/linux/i386;/Users/bytedance/Library/Android/sdk/ndk/22.1.7171670/toolchains/llvm/prebuilt/darwin-x86_64/lib/gcc/i686-linux-android/4.9.x;/Users/bytedance/Library/Android/sdk/ndk/22.1.7171670/toolchains/llvm/prebuilt/darwin-x86_64/sysroot/usr/lib/i686-linux-android/16;/Users/bytedance/Library/Android/sdk/ndk/22.1.7171670/toolchains/llvm/prebuilt/darwin-x86_64/sysroot/usr/lib/i686-linux-android;/Users/bytedance/Library/Android/sdk/ndk/22.1.7171670/toolchains/llvm/prebuilt/darwin-x86_64/i686-linux-android/lib;/Users/bytedance/Library/Android/sdk/ndk/22.1.7171670/toolchains/llvm/prebuilt/darwin-x86_64/sysroot/usr/lib]
  implicit fwks: []


